ERROR - 2017-11-28 22:15:47 --> 404 Page Not Found: Images/img.jpg
ERROR - 2017-11-28 22:18:31 --> 404 Page Not Found: Images/img.jpg
ERROR - 2017-11-28 22:18:31 --> 404 Page Not Found: Assets/bootstrap
ERROR - 2017-11-28 22:18:31 --> 404 Page Not Found: Assets/custom.min.css
ERROR - 2017-11-28 22:18:33 --> 404 Page Not Found: Images/img.jpg
ERROR - 2017-11-28 22:18:33 --> 404 Page Not Found: Assets/bootstrap
ERROR - 2017-11-28 22:18:33 --> 404 Page Not Found: Assets/custom.min.css
ERROR - 2017-11-28 22:18:34 --> 404 Page Not Found: Images/img.jpg
ERROR - 2017-11-28 22:18:34 --> 404 Page Not Found: Assets/bootstrap
ERROR - 2017-11-28 22:18:34 --> 404 Page Not Found: Assets/custom.min.css
ERROR - 2017-11-28 22:19:05 --> 404 Page Not Found: Images/img.jpg
ERROR - 2017-11-28 22:19:05 --> 404 Page Not Found: Assets/vendors
ERROR - 2017-11-28 22:19:05 --> 404 Page Not Found: Assets/custom.min.css
ERROR - 2017-11-28 22:19:06 --> 404 Page Not Found: Images/img.jpg
ERROR - 2017-11-28 22:19:06 --> 404 Page Not Found: Assets/custom.min.css
ERROR - 2017-11-28 22:19:06 --> 404 Page Not Found: Assets/vendors
ERROR - 2017-11-28 22:23:29 --> 404 Page Not Found: Images/img.jpg
ERROR - 2017-11-28 22:23:29 --> 404 Page Not Found: Assets/vendors
ERROR - 2017-11-28 22:23:29 --> 404 Page Not Found: Assets/vendors
ERROR - 2017-11-28 22:23:29 --> 404 Page Not Found: Assets/vendors
ERROR - 2017-11-28 22:23:29 --> 404 Page Not Found: Assets/vendors
ERROR - 2017-11-28 22:23:29 --> 404 Page Not Found: Assets/vendors
ERROR - 2017-11-28 22:23:29 --> 404 Page Not Found: Assets/vendors
ERROR - 2017-11-28 22:23:29 --> 404 Page Not Found: Assets/vendors
ERROR - 2017-11-28 22:23:29 --> 404 Page Not Found: Assets/custom.min.css
ERROR - 2017-11-28 22:24:27 --> 404 Page Not Found: Images/img.jpg
ERROR - 2017-11-28 22:24:29 --> 404 Page Not Found: Images/img.jpg
ERROR - 2017-11-28 22:24:30 --> 404 Page Not Found: Images/img.jpg
ERROR - 2017-11-28 22:24:30 --> 404 Page Not Found: Images/img.jpg
ERROR - 2017-11-28 22:30:21 --> 404 Page Not Found: Images/img.jpg
ERROR - 2017-11-28 22:30:22 --> 404 Page Not Found: Images/img.jpg
ERROR - 2017-11-28 22:34:02 --> 404 Page Not Found: Images/img.jpg
ERROR - 2017-11-28 22:34:03 --> 404 Page Not Found: Images/img.jpg
ERROR - 2017-11-28 22:34:04 --> 404 Page Not Found: Images/img.jpg
ERROR - 2017-11-28 22:34:05 --> 404 Page Not Found: Images/img.jpg
ERROR - 2017-11-28 22:39:39 --> 404 Page Not Found: Images/img.jpg
ERROR - 2017-11-28 22:39:50 --> 404 Page Not Found: Images/img.jpg
ERROR - 2017-11-28 22:41:50 --> 404 Page Not Found: Images/img.jpg
ERROR - 2017-11-28 22:43:56 --> 404 Page Not Found: Images/img.jpg
ERROR - 2017-11-28 22:44:32 --> 404 Page Not Found: Images/img.jpg
ERROR - 2017-11-28 22:47:11 --> 404 Page Not Found: Images/img.jpg
ERROR - 2017-11-28 22:47:41 --> 404 Page Not Found: Images/img.jpg
ERROR - 2017-11-28 22:48:17 --> 404 Page Not Found: Indexhtml/index
ERROR - 2017-11-28 22:48:45 --> 404 Page Not Found: Loginhtml/index
ERROR - 2017-11-28 22:49:00 --> 404 Page Not Found: Loginhtml/index
ERROR - 2017-11-28 22:49:29 --> 404 Page Not Found: Images/img.jpg
ERROR - 2017-11-28 22:50:42 --> 404 Page Not Found: Images/img.jpg
ERROR - 2017-11-28 22:52:31 --> 404 Page Not Found: Images/img.jpg
ERROR - 2017-11-28 23:01:26 --> 404 Page Not Found: Images/img.jpg
ERROR - 2017-11-28 23:02:27 --> 404 Page Not Found: Images/img.jpg
ERROR - 2017-11-28 23:04:07 --> 404 Page Not Found: Images/img.jpg
ERROR - 2017-11-28 23:07:11 --> 404 Page Not Found: Images/img.jpg
ERROR - 2017-11-28 23:08:55 --> 404 Page Not Found: Images/img.jpg
ERROR - 2017-11-28 23:09:38 --> 404 Page Not Found: Images/img.jpg
ERROR - 2017-11-28 23:09:58 --> 404 Page Not Found: Images/img.jpg
ERROR - 2017-11-28 23:10:47 --> 404 Page Not Found: Loginhtml/index
ERROR - 2017-11-28 23:10:49 --> 404 Page Not Found: Images/img.jpg
ERROR - 2017-11-28 23:11:13 --> 404 Page Not Found: Images/img.jpg
ERROR - 2017-11-28 23:15:48 --> 404 Page Not Found: Images/img.jpg
ERROR - 2017-11-28 23:25:17 --> 404 Page Not Found: Images/img.jpg
ERROR - 2017-11-28 23:26:46 --> 404 Page Not Found: Images/img.jpg
ERROR - 2017-11-28 23:27:51 --> 404 Page Not Found: Images/img.jpg
ERROR - 2017-11-28 23:28:32 --> 404 Page Not Found: Images/img.jpg
ERROR - 2017-11-28 23:28:52 --> 404 Page Not Found: Images/img.jpg
ERROR - 2017-11-28 23:31:12 --> 404 Page Not Found: Images/img.jpg
ERROR - 2017-11-28 23:32:44 --> 404 Page Not Found: Loginhtml/index
ERROR - 2017-11-28 23:33:32 --> 404 Page Not Found: Images/img.jpg
ERROR - 2017-11-28 23:33:58 --> 404 Page Not Found: Indexhtml/index
ERROR - 2017-11-28 23:35:11 --> 404 Page Not Found: Images/img.jpg
ERROR - 2017-11-28 23:36:28 --> 404 Page Not Found: Images/img.jpg
ERROR - 2017-11-28 23:37:14 --> 404 Page Not Found: Images/img.jpg
ERROR - 2017-11-28 23:38:40 --> 404 Page Not Found: Indexhtml/index
ERROR - 2017-11-28 23:40:19 --> 404 Page Not Found: Images/img.jpg
ERROR - 2017-11-28 23:41:33 --> 404 Page Not Found: Images/img.jpg
ERROR - 2017-11-28 23:43:02 --> 404 Page Not Found: Images/img.jpg
ERROR - 2017-11-28 23:43:18 --> 404 Page Not Found: Images/img.jpg
ERROR - 2017-11-28 23:43:20 --> 404 Page Not Found: Images/img.jpg
ERROR - 2017-11-28 23:51:20 --> 404 Page Not Found: Images/img.jpg
ERROR - 2017-11-28 23:51:54 --> 404 Page Not Found: Images/img.jpg
ERROR - 2017-11-28 23:54:42 --> 404 Page Not Found: Images/img.jpg
