ERROR - 2017-11-29 00:01:56 --> 404 Page Not Found: Images/img.jpg
ERROR - 2017-11-29 00:02:26 --> 404 Page Not Found: Images/img.jpg
ERROR - 2017-11-29 00:04:52 --> 404 Page Not Found: Images/img.jpg
ERROR - 2017-11-29 00:06:32 --> 404 Page Not Found: Images/img.jpg
ERROR - 2017-11-29 00:08:20 --> 404 Page Not Found: Images/img.jpg
ERROR - 2017-11-29 00:08:52 --> 404 Page Not Found: Images/img.jpg
ERROR - 2017-11-29 00:09:16 --> 404 Page Not Found: Images/img.jpg
ERROR - 2017-11-29 00:09:50 --> 404 Page Not Found: Images/img.jpg
ERROR - 2017-11-29 00:10:10 --> 404 Page Not Found: Images/img.jpg
ERROR - 2017-11-29 00:10:30 --> 404 Page Not Found: Images/img.jpg
ERROR - 2017-11-29 00:11:10 --> 404 Page Not Found: Images/img.jpg
ERROR - 2017-11-29 00:11:43 --> 404 Page Not Found: Indexhtml/index
ERROR - 2017-11-29 00:12:48 --> 404 Page Not Found: Images/img.jpg
ERROR - 2017-11-29 00:13:17 --> 404 Page Not Found: Images/img.jpg
ERROR - 2017-11-29 00:15:01 --> 404 Page Not Found: Images/img.jpg
ERROR - 2017-11-29 00:15:50 --> 404 Page Not Found: Images/img.jpg
ERROR - 2017-11-29 00:16:15 --> 404 Page Not Found: Images/img.jpg
ERROR - 2017-11-29 00:18:21 --> 404 Page Not Found: Images/img.jpg
ERROR - 2017-11-29 00:19:06 --> 404 Page Not Found: Images/img.jpg
ERROR - 2017-11-29 00:19:24 --> 404 Page Not Found: Images/img.jpg
ERROR - 2017-11-29 00:20:46 --> 404 Page Not Found: Loginhtml/index
ERROR - 2017-11-29 00:28:45 --> 404 Page Not Found: Login/index
ERROR - 2017-11-29 00:28:55 --> 404 Page Not Found: Login/index
ERROR - 2017-11-29 00:34:11 --> 404 Page Not Found: Home/index.html
ERROR - 2017-11-29 01:22:42 --> 404 Page Not Found: Home/login
ERROR - 2017-11-29 01:22:57 --> 404 Page Not Found: Users/index
